0 0.050000 0.000000 1 76.912900
N = 1, T = 0.050000/kb, dim = 2, max displacement = 0.012000, seed = 22, box = 8.770000x8.770000
cycle T E/N N V
1000 0.050000 0.000000 1 76.912900
2000 0.050000 0.000000 2 76.912900
3000 0.050000 0.000000 3 76.912900
4000 0.050000 -0.452843 4 76.912900
5000 0.050000 -0.985000 5 76.912900
6000 0.050000 -1.154406 6 76.912900
7000 0.050000 -1.291890 7 76.912900
8000 0.050000 -1.495707 8 76.912900
9000 0.050000 -1.545870 9 76.912900
10000 0.050000 -1.612205 10 76.912900
11000 0.050000 -1.628506 11 76.912900
12000 0.050000 -1.517839 12 76.912900
13000 0.050000 -1.716744 13 76.912900
14000 0.050000 -1.716984 14 76.912900
15000 0.050000 -1.762434 15 76.912900
16000 0.050000 -1.846921 16 76.912900
17000 0.050000 -1.847238 17 76.912900
18000 0.050000 -1.873204 18 76.912900
19000 0.050000 -1.995120 19 76.912900
20000 0.050000 -1.999343 20 76.912900
21000 0.050000 -2.010543 21 76.912900
22000 0.050000 -2.009323 22 76.912900
23000 0.050000 -2.020617 23 76.912900
24000 0.050000 -2.032172 24 76.912900
25000 0.050000 -2.061462 25 76.912900
26000 0.050000 -2.057644 26 76.912900
27000 0.050000 -2.101493 27 76.912900
28000 0.050000 -2.084040 28 76.912900
29000 0.050000 -2.220428 29 76.912900
30000 0.050000 -2.271073 30 76.912900
31000 0.050000 -2.235156 31 76.912900
32000 0.050000 -2.303423 32 76.912900
33000 0.050000 -2.347939 33 76.912900
34000 0.050000 -2.407817 34 76.912900
35000 0.050000 -2.437980 35 76.912900
36000 0.050000 -2.442176 36 76.912900
37000 0.050000 -2.437047 37 76.912900
38000 0.050000 -2.464047 38 76.912900
39000 0.050000 -2.448173 39 76.912900
40000 0.050000 -2.526823 40 76.912900
41000 0.050000 -2.564629 41 76.912900
42000 0.050000 -2.582040 42 76.912900
43000 0.050000 -2.602529 43 76.912900
44000 0.050000 -2.598826 44 76.912900
45000 0.050000 -2.619736 45 76.912900
46000 0.050000 -2.639539 46 76.912900
47000 0.050000 -2.639972 47 76.912900
48000 0.050000 -2.649162 48 76.912900
49000 0.050000 -2.660885 49 76.912900
50000 0.050000 -2.716310 50 76.912900
51000 0.050000 -2.736771 51 76.912900
52000 0.050000 -2.757387 52 76.912900
53000 0.050000 -2.784145 53 76.912900
54000 0.050000 -2.785890 54 76.912900
55000 0.050000 -2.798958 55 76.912900
56000 0.050000 -2.806793 56 76.912900
57000 0.050000 -2.829478 57 76.912900
58000 0.050000 -2.851782 58 76.912900
59000 0.050000 -2.860240 59 76.912900
60000 0.050000 -2.836299 60 76.912900
61000 0.050000 -2.902503 61 76.912900
62000 0.050000 -2.906326 62 76.912900
63000 0.050000 -2.915649 63 76.912900
64000 0.050000 -2.927878 64 76.912900
65000 0.050000 -2.842534 65 76.912900
66000 0.050000 -2.947346 66 76.912900
67000 0.050000 -2.958537 67 76.912900
68000 0.050000 -2.989091 68 76.912900
69000 0.050000 -3.026741 69 76.912900
70000 0.050000 -3.039608 70 76.912900
71000 0.050000 -3.073004 71 76.912900
72000 0.050000 -3.120118 72 76.912900
73000 0.050000 -2.895422 73 76.912900
74000 0.050000 -2.817862 74 76.912900
75000 0.050000 -2.767135 75 76.912900
76000 0.050000 -2.701232 76 76.912900
77000 0.050000 -2.744855 77 76.912900
78000 0.050000 -2.505931 78 76.912900
79000 0.050000 -2.397262 79 76.912900
80000 0.050000 -2.462484 80 76.912900
81000 0.050000 -1.935972 81 76.912900
82000 0.050000 -1.625977 82 76.912900
83000 0.050000 -1.356168 83 76.912900
84000 0.050000 -1.082821 84 76.912900
85000 0.050000 -0.831124 85 76.912900
86000 0.050000 -0.577278 86 76.912900
87000 0.050000 -0.322862 87 76.912900
88000 0.050000 -0.086676 88 76.912900
89000 0.050000 0.091199 89 76.912900
90000 0.050000 0.141539 90 76.912900
91000 0.050000 1.453060 91 76.912900
92000 0.050000 2.197698 92 76.912900
93000 0.050000 2.874953 93 76.912900
94000 0.050000 3.545402 94 76.912900
95000 0.050000 4.642869 95 76.912900
96000 0.050000 4.671508 96 76.912900
97000 0.050000 5.916864 97 76.912900
98000 0.050000 6.709843 98 76.912900
99000 0.050000 6.696966 99 76.912900
100000 0.050000 8.427519 100 76.912900
