0 0.050000 0.000000 100 3453.912900
N = 100, T = 0.050000/kb, dim = 2, max displacement = 0.150000, seed = 22, box = 58.770000x58.770000
cycle T E/N N V
1000 0.050000 -0.378940 100 3453.912900
2000 0.050000 -0.578732 100 3395.392900
3000 0.050000 -0.626708 100 3337.372900
4000 0.050000 -0.694420 100 3279.852900
5000 0.050000 -0.743106 100 3222.832900
6000 0.050000 -0.836274 100 3166.312900
7000 0.050000 -0.873369 100 3110.292900
8000 0.050000 -0.972753 100 3054.772900
9000 0.050000 -0.994381 100 2999.752900
10000 0.050000 -0.990831 100 2945.232900
11000 0.050000 -1.064319 100 2891.212900
12000 0.050000 -1.064463 100 2837.692900
13000 0.050000 -1.072181 100 2784.672900
14000 0.050000 -1.086231 100 2732.152900
15000 0.050000 -1.100772 100 2680.132900
16000 0.050000 -1.105453 100 2628.612900
17000 0.050000 -1.106054 100 2577.592900
18000 0.050000 -1.110230 100 2527.072900
19000 0.050000 -1.097007 100 2477.052900
20000 0.050000 -1.106882 100 2427.532900
21000 0.050000 -1.179605 100 2378.512900
22000 0.050000 -1.205584 100 2329.992900
23000 0.050000 -1.294733 100 2281.972900
24000 0.050000 -1.351689 100 2234.452900
25000 0.050000 -1.354434 100 2187.432900
26000 0.050000 -1.358364 100 2140.912900
27000 0.050000 -1.392657 100 2094.892900
28000 0.050000 -1.386656 100 2049.372900
29000 0.050000 -1.385068 100 2004.352900
30000 0.050000 -1.397414 100 1959.832900
31000 0.050000 -1.407512 100 1915.812900
32000 0.050000 -1.427545 100 1872.292900
33000 0.050000 -1.417328 100 1829.272900
34000 0.050000 -1.436647 100 1786.752900
35000 0.050000 -1.469248 100 1744.732900
36000 0.050000 -1.463539 100 1703.212900
37000 0.050000 -1.463906 100 1662.192900
38000 0.050000 -1.461872 100 1621.672900
39000 0.050000 -1.495135 100 1581.652900
40000 0.050000 -1.543143 100 1542.132900
41000 0.050000 -1.547640 100 1503.112900
42000 0.050000 -1.610966 100 1464.592900
43000 0.050000 -1.606398 100 1426.572900
44000 0.050000 -1.607921 100 1389.052900
45000 0.050000 -1.617865 100 1352.032900
46000 0.050000 -1.670811 100 1315.512900
47000 0.050000 -1.664899 100 1279.492900
48000 0.050000 -1.668692 100 1243.972900
49000 0.050000 -1.670891 100 1208.952900
50000 0.050000 -1.746705 100 1174.432900
51000 0.050000 -1.751552 100 1140.412900
52000 0.050000 -1.785801 100 1106.892900
53000 0.050000 -1.801321 100 1073.872900
54000 0.050000 -1.851060 100 1041.352900
55000 0.050000 -1.861304 100 1009.332900
56000 0.050000 -1.862591 100 977.812900
57000 0.050000 -1.855243 100 946.792900
58000 0.050000 -1.868252 100 916.272900
59000 0.050000 -1.861712 100 886.252900
60000 0.050000 -1.866609 100 856.732900
61000 0.050000 -1.887913 100 827.712900
62000 0.050000 -1.883497 100 799.192900
63000 0.050000 -1.885443 100 771.172900
64000 0.050000 -1.969675 100 743.652900
65000 0.050000 -2.016554 100 716.632900
66000 0.050000 -2.036973 100 690.112900
67000 0.050000 -2.160929 100 664.092900
68000 0.050000 -2.199693 100 638.572900
69000 0.050000 -2.233022 100 613.552900
70000 0.050000 -2.250163 100 589.032900
71000 0.050000 -2.247757 100 565.012900
72000 0.050000 -2.244923 100 541.492900
73000 0.050000 -2.239351 100 518.472900
74000 0.050000 -2.247022 100 495.952900
75000 0.050000 -2.250181 100 473.932900
76000 0.050000 -2.234575 100 452.412900
77000 0.050000 -2.249664 100 431.392900
78000 0.050000 -2.239642 100 410.872900
79000 0.050000 -2.237694 100 390.852900
80000 0.050000 -2.247868 100 371.332900
81000 0.050000 -2.280184 100 352.312900
82000 0.050000 -2.318745 100 333.792900
83000 0.050000 -2.414897 100 315.772900
84000 0.050000 -2.418209 100 298.252900
85000 0.050000 -2.464416 100 281.232900
86000 0.050000 -2.503937 100 264.712900
87000 0.050000 -2.513838 100 248.692900
88000 0.050000 -2.530603 100 233.172900
89000 0.050000 -2.524374 100 218.152900
90000 0.050000 -2.635987 100 203.632900
91000 0.050000 -2.587858 100 189.612900
92000 0.050000 -2.697350 100 176.092900
93000 0.050000 -2.689944 100 163.072900
94000 0.050000 -2.750714 100 150.552900
95000 0.050000 -2.873110 100 138.532900
96000 0.050000 -2.792128 100 127.012900
97000 0.050000 -2.783449 100 115.992900
98000 0.050000 -2.878183 100 105.472900
99000 0.050000 -2.168233 100 95.452900
100000 0.050000 0.662783 100 85.932900
101000 0.050000 8.431376 100 76.912900
